Vivado Simulator 2018.3
Copyright 1986-1999, 2001-2018 Xilinx, Inc. All Rights Reserved.
Running: D:/SomeSoftware/Xilinx/Vivado/2018.3/bin/unwrapped/win64.o/xelab.exe -wto 3a418f8e3c8e45949ec93e661feef77f --incr --debug typical --relax --mt 2 -L xil_defaultlib -L unisims_ver -L unimacro_ver -L secureip --snapshot Top_tb_behav xil_defaultlib.Top_tb xil_defaultlib.glbl -log elaborate.log 
Using 2 slave threads.
Starting static elaboration
Completed static elaboration
Starting simulation data flow analysis
Completed simulation data flow analysis
Time Resolution for simulation is 1ps
Compiling module xil_defaultlib.Mux32
Compiling module xil_defaultlib.instMemory
Compiling module xil_defaultlib.Ctr
Compiling module xil_defaultlib.ALU_Ctr
Compiling module xil_defaultlib.Registers
Compiling module xil_defaultlib.signext
Compiling module xil_defaultlib.ALU
Compiling module xil_defaultlib.Mux5
Compiling module xil_defaultlib.dataMemory
Compiling module xil_defaultlib.Top
Compiling module xil_defaultlib.Top_tb
Compiling module xil_defaultlib.glbl
Built simulation snapshot Top_tb_behav
